0 有限会社中山歯科技工所 (福島県伊達市保原町大字上保原字内山台2-7), 37.8081735, 140.545035,ROOFTOP
1 有限会社中山歯科技工所 (福島県伊達市保原町大字上保原字内山台2-7), 37.8350061, 140.5553731, APPROXIMATE
0 一條技研 (福島県伊達市保原町大字上保原字細田入23-1), 37.805134, 140.5302215,ROOFTOP
1 一條技研 (福島県伊達市保原町大字上保原字細田入23-1), 37.8350061, 140.5553731, APPROXIMATE
0 プレシジョンデンタル (福島県郡山市麓山１－１－１３－１０１), 37.3952631, 140.3765456,ROOFTOP
1 プレシジョンデンタル (福島県郡山市麓山１－１－１３－１０１), 37.3952631, 140.3765456, ROOFTOP
0 （株）Ｆ．Ｏ．Ｄ (福島県郡山市日和田町高倉字深川４２－１), 37.4805437, 140.3988089,APPROXIMATE
1 （株）Ｆ．Ｏ．Ｄ (福島県郡山市日和田町高倉字深川４２－１), 37.4931776, 139.8987345, APPROXIMATE
0 Ｉファーマ (福島県郡山市愛宕町１２－７　１０２号), 37.3892941, 140.3755195,ROOFTOP
1 Ｉファーマ (福島県郡山市愛宕町１２－７　１０２号), 37.3892941, 140.3755195, ROOFTOP
0 クサノデンタルクラフト (福島県田村郡小野町大字皮篭石字宮ノ前159), 37.254308, 140.644659,GEOMETRIC_CENTER
1 クサノデンタルクラフト (福島県田村郡小野町大字皮篭石字宮ノ前159), 37.7857339, 140.5244799, APPROXIMATE
0 クサノデンタルクラフト (福島県田村郡小野町大字皮篭石字宮ノ前159), 37.7857339, 140.5244799,GEOMETRIC_CENTER
2 クサノデンタルクラフト (福島県田村郡小野町大字皮篭石字宮ノ前159), 24.52944, 100.27486, APPROXIMATE
0 髙野技工所 (福島県会津若松市北会津町大字古舘丁855), 37.4590511, 139.8716624,APPROXIMATE
1 髙野技工所 (福島県会津若松市北会津町大字古舘丁855), 38.2642153, 140.2611742, APPROXIMATE
0 髙野技工所 (福島県会津若松市北会津町大字古舘丁855), 38.2642153, 140.2611742,APPROXIMATE
2 髙野技工所 (福島県会津若松市北会津町大字古舘丁855), 40.8025352, 140.7839512, APPROXIMATE
0 ラボエイド (福島県会津若松市門田町飯寺字村東５２５－１２), 37.4782628, 139.9069045,ROOFTOP
1 ラボエイド (福島県会津若松市門田町飯寺字村東５２５－１２), 37.4745314, 139.9094508, ROOFTOP
0 田中歯科技工所 (福島県南相馬市小高区小高字八景７), 37.5692593, 140.9849479,APPROXIMATE
1 田中歯科技工所 (福島県南相馬市小高区小高字八景７), 37.8267042, 140.4444826, ROOFTOP
0 田中歯科技工所 (福島県南相馬市小高区小高字八景７), 37.8267042, 140.4444826,APPROXIMATE
2 田中歯科技工所 (福島県南相馬市小高区小高字八景７), 37.8085559, 140.4558433, ROOFTOP
0 スズキデンタルラボラトリー (福島県いわき市平字胡麻沢37), 37.048195, 140.887521,ROOFTOP
1 スズキデンタルラボラトリー (福島県いわき市平字胡麻沢37), 37.0449259, 140.3468932, APPROXIMATE
0 長谷川技工所 (福島県いわき市平馬目字火の宮49), 37.0848249, 140.9471593,APPROXIMATE
1 長谷川技工所 (福島県いわき市平馬目字火の宮49), 37.1265372, 140.7252227, GEOMETRIC_CENTER
0 ＤIＧ (福島県いわき市泉ヶ丘五丁目12-6-102), 36.9664411, 140.8573387,APPROXIMATE
1 ＤIＧ (福島県いわき市泉ヶ丘五丁目12-6-102), 36.5675485, 139.9168291, APPROXIMATE
0 橋本歯科技工所 (福島県いわき市内郷白水町蛭内79-12-15号), 37.0322951, 140.8423462,ROOFTOP
1 橋本歯科技工所 (福島県いわき市内郷白水町蛭内79-12-15号), 37.0321968, 140.8425342, ROOFTOP
fukushima.csv has been written successfully.
