0 和田精密歯研㈱帯広営業所 (帯広市西13条北5丁目1番地12-1), 42.93664769999999, 143.1811271,ROOFTOP
1 和田精密歯研㈱帯広営業所 (帯広市西13条北5丁目1番地12-1), 42.9358473, 143.1823651, ROOFTOP
0 中野デンタルクリエイト (帯広市南町東3条7丁目22番地), 42.894187, 143.1644383,APPROXIMATE
1 中野デンタルクリエイト (帯広市南町東3条7丁目22番地), 42.9176124, 143.0519756, APPROXIMATE
0 パブリック･デンタル･デザイン (河東郡音更町緑陽台南区５番地８), 42.96421100000001, 143.192928,GEOMETRIC_CENTER
1 パブリック･デンタル･デザイン (河東郡音更町緑陽台南区５番地８), 42.9310356, 143.1955523, ROOFTOP
0 パブリック･デンタル･デザイン (河東郡音更町緑陽台南区５番地８), 42.9310356, 143.1955523,GEOMETRIC_CENTER
2 パブリック･デンタル･デザイン (河東郡音更町緑陽台南区５番地８), 42.966109, 143.197079, GEOMETRIC_CENTER
0 ユア・デンタルアート (網走市潮見7丁目14番地8-1号), 43.9965641, 144.2677922,ROOFTOP
1 ユア・デンタルアート (網走市潮見7丁目14番地8-1号), 43.9965641, 144.2677922, ROOFTOP
0 みやまデンタルスタジオ (北見市美山町50番地の69), 43.7995155, 143.7657581,ROOFTOP
1 みやまデンタルスタジオ (北見市美山町50番地の69), 43.825375, 143.8848743, GEOMETRIC_CENTER
0 みやまデンタルスタジオ (北見市美山町50番地の69), 43.7995155, 143.7657581,ROOFTOP
2 みやまデンタルスタジオ (北見市美山町50番地の69), 43.825345, 143.8850857, GEOMETRIC_CENTER
0 元木歯科補綴物研究室 (北見市北１条東3丁目3番地), 43.80908669999999, 143.8991797,APPROXIMATE
1 元木歯科補綴物研究室 (北見市北１条東3丁目3番地), 43.0641517, 141.3601602, ROOFTOP
0 リンカムデンタル合同会社 (北見市常盤町３丁目１６番２２－１), 43.7961485, 143.8859691,ROOFTOP
1 リンカムデンタル合同会社 (北見市常盤町３丁目１６番２２－１), 43.79601530000001, 143.8859104, ROOFTOP
0 ホワイトデジタルラボCAD/CAMセンター (北斗市本町２丁目９－３４　寿３号館２F), 41.8850176, 140.6421503,ROOFTOP
1 ホワイトデジタルラボCAD/CAMセンター (北斗市本町２丁目９－３４　寿３号館２F), 35.7081853, 139.7914102, APPROXIMATE
0 NISEKO.D.LABO(ﾆｾｺﾃﾞﾝﾀﾙﾗﾎﾞ) (虻田郡倶知安町南四条東1丁目1-18), 42.9023044, 140.7565006,APPROXIMATE
1 NISEKO.D.LABO(ﾆｾｺﾃﾞﾝﾀﾙﾗﾎﾞ) (虻田郡倶知安町南四条東1丁目1-18), 35.6532684, 139.7102847, APPROXIMATE
0 ㈱DSi旭ヶ丘 (千歳市旭ヶ丘２丁目１－２(H23.11.8～休止中）), 43.0404095, 141.3210684,ROOFTOP
1 ㈱DSi旭ヶ丘 (千歳市旭ヶ丘２丁目１－２(H23.11.8～休止中）), 42.826906, 141.680117, APPROXIMATE
0 ブラウニーテクニカルオフィス (千歳市真々地２丁目４－２１－３０１
), 42.8129885, 141.6424204,ROOFTOP
1 ブラウニーテクニカルオフィス (千歳市真々地２丁目４－２１－３０１
), 42.8129885, 141.6424204, ROOFTOP
0 ラボうえの (千歳市大和２丁目１－３　ちとせハイツⅡ２０５), 42.820199, 141.6320399,ROOFTOP
1 ラボうえの (千歳市大和２丁目１－３　ちとせハイツⅡ２０５), 42.8202088, 141.6320517, ROOFTOP
hokkaido.csv has been written successfully.
