0 アドバンデンタルラボラトリー (岩手県盛岡市上堂三丁目17-40　Ｅ), 39.7286744, 141.1282923,ROOFTOP
1 アドバンデンタルラボラトリー (岩手県盛岡市上堂三丁目17-40　Ｅ), 39.7286744, 141.1282923, ROOFTOP
0 折戸デンタルラボラトリー (岩手県盛岡市津志田12-7-7), 39.6637187, 141.1453408,APPROXIMATE
1 折戸デンタルラボラトリー (岩手県盛岡市津志田12-7-7), 39.7392562, 141.1300118, ROOFTOP
0 折戸デンタルラボラトリー (岩手県盛岡市津志田12-7-7), 39.7392562, 141.1300118,APPROXIMATE
2 折戸デンタルラボラトリー (岩手県盛岡市津志田12-7-7), 39.7528756, 141.1684246, ROOFTOP
0 折戸デンタルラボラトリー (岩手県盛岡市津志田12-7-7), 39.7528756, 141.1684246,APPROXIMATE
3 折戸デンタルラボラトリー (岩手県盛岡市津志田12-7-7), 39.7587946, 141.1638919, ROOFTOP
0 Rise Art 株式会社 (岩手県盛岡市中ノ橋通一丁目7番1　エスビル中ノ橋3F), 39.7000599, 141.1562256,ROOFTOP
1 Rise Art 株式会社 (岩手県盛岡市中ノ橋通一丁目7番1　エスビル中ノ橋3F), 39.6986524, 141.1580316, ROOFTOP
0 河南歯研 (岩手県盛岡市津志田27-45-2), 39.6637187, 141.1453408,APPROXIMATE
1 河南歯研 (岩手県盛岡市津志田27-45-2), 39.7455179, 141.1457544, ROOFTOP
0 河南歯研 (岩手県盛岡市津志田27-45-2), 39.7455179, 141.1457544,APPROXIMATE
2 河南歯研 (岩手県盛岡市津志田27-45-2), 39.7345014, 141.1094279, ROOFTOP
0 前沢歯科技工 (岩手県奥州市前沢字駅東三丁目5番地11), 39.0427729, 141.1204177,APPROXIMATE
1 前沢歯科技工 (岩手県奥州市前沢字駅東三丁目5番地11), 38.5377404, 141.0672944, ROOFTOP
0 前沢歯科技工 (岩手県奥州市前沢字駅東三丁目5番地11), 38.5377404, 141.0672944,APPROXIMATE
2 前沢歯科技工 (岩手県奥州市前沢字駅東三丁目5番地11), 36.3759194, 139.8460891, ROOFTOP
0 クマガイ・デンタル・ラボ (岩手県大船渡市大船渡町字宮の前99), 39.0602211, 141.7187397,APPROXIMATE
1 クマガイ・デンタル・ラボ (岩手県大船渡市大船渡町字宮の前99), 39.0819002, 141.7084933, APPROXIMATE
0 ホワイトラボ (岩手県下閉伊郡山田町長崎長崎2-16-25), 39.461543, 141.9447281,ROOFTOP
1 ホワイトラボ (岩手県下閉伊郡山田町長崎長崎2-16-25), 32.7503334, 129.8778888, APPROXIMATE
0 ホワイトラボ (岩手県下閉伊郡山田町長崎長崎2-16-25), 32.7503334, 129.8778888,ROOFTOP
2 ホワイトラボ (岩手県下閉伊郡山田町長崎長崎2-16-25), 33.2488525, 129.6930912, APPROXIMATE
iwate.csv has been written successfully.
