0 CERTAIN DENTAL LABO (宮城県石巻市蛇田字新西前沼143さくらんぼ歯科クリニック内), 38.439116, 141.262519,ROOFTOP
1 CERTAIN DENTAL LABO (宮城県石巻市蛇田字新西前沼143さくらんぼ歯科クリニック内), 38.4372091, 141.2645194, APPROXIMATE
0 ユーワデンタル (宮城県大崎市古川福浦字道の上122-40), 38.5924312, 140.9609071,APPROXIMATE
1 ユーワデンタル (宮城県大崎市古川福浦字道の上122-40), 39.0131628, 141.67055, APPROXIMATE
0 ユーワデンタル (宮城県大崎市古川福浦字道の上122-40), 39.0131628, 141.67055,APPROXIMATE
2 ユーワデンタル (宮城県大崎市古川福浦字道の上122-40), 39.8784152, 141.6727369, APPROXIMATE
0 ユーワデンタル (宮城県大崎市古川福浦字道の上122-40), 39.8784152, 141.6727369,APPROXIMATE
3 ユーワデンタル (宮城県大崎市古川福浦字道の上122-40), 34.1621378, 134.5393045, APPROXIMATE
0 エス・エス・デンタルワーク (宮城県大崎市古川南町４丁目1-17-1), 38.5712145, 140.9529897,ROOFTOP
1 エス・エス・デンタルワーク (宮城県大崎市古川南町４丁目1-17-1), 38.5708294, 140.9530527, ROOFTOP
0 K`Sデンタルファクトリー (宮城県大崎市古川城西一丁目２番７－２号), 38.5756837, 140.9504797,ROOFTOP
1 K`Sデンタルファクトリー (宮城県大崎市古川城西一丁目２番７－２号), 38.5756837, 140.9504797, ROOFTOP
0 デンタルキャスト・タカ (宮城県栗原市金成沢辺字神林１２１), 38.7982245, 141.0607753,APPROXIMATE
1 デンタルキャスト・タカ (宮城県栗原市金成沢辺字神林１２１), 38.22207400000001, 140.5150461, APPROXIMATE
0 みちのくデンタルラボ (宮城県加美郡加美町宮崎字屋敷５－２１－３), 38.6425673, 140.6586409,APPROXIMATE
1 みちのくデンタルラボ (宮城県加美郡加美町宮崎字屋敷５－２１－３), 38.5739879, 140.9374605, ROOFTOP
0 デンタルラボラトリーデヴェロップメント (宮城県名取市増田７丁目３－２３マイタウン名取A-３), 38.1793975, 140.8869413,ROOFTOP
1 デンタルラボラトリーデヴェロップメント (宮城県名取市増田７丁目３－２３マイタウン名取A-３), 38.1794798, 140.8871271, ROOFTOP
0 ＳＡＶＯＩＲ　ＦＡＩＲＥ (宮城県名取市手倉田字八幡604 Ｄクラディア名取駅前301), 38.1741274, 140.8794752,APPROXIMATE
1 ＳＡＶＯＩＲ　ＦＡＩＲＥ (宮城県名取市手倉田字八幡604 Ｄクラディア名取駅前301), 38.1722364, 140.8821237, ROOFTOP
0 仙南デンタルラボラトリー (宮城県白石市田町二丁目１－５－１０), 37.99468299999999, 140.6219281,ROOFTOP
1 仙南デンタルラボラトリー (宮城県白石市田町二丁目１－５－１０), 37.9945596, 140.6218875, ROOFTOP
miyagi.csv has been written successfully.
