0 森　歯科技工室 (札幌市中央区北　１条西１９丁目２－１１－９０２), 43.0591302, 141.326798, ROOFTOP
1 森　歯科技工室 (札幌市中央区北　１条西１９丁目２－１１－９０２), 43.0591677, 141.3274545, ROOFTOP
0 札幌中央歯科技工株式会社 (札幌市中央区北　２条西　２丁目２－２９－２), 43.0645118, 141.353989, ROOFTOP
1 札幌中央歯科技工株式会社 (札幌市中央区北　２条西　２丁目２－２９－２), 43.0645118, 141.353989, ROOFTOP
0 フジ技研 (札幌市北区北１８条西　４丁目２－２０－５０１号), 43.0823371, 141.34531, ROOFTOP
1 フジ技研 (札幌市北区北１８条西　４丁目２－２０－５０１号), 43.0823371, 141.34531, ROOFTOP
0 デンタルクラフトワークス (札幌市東区北１９条東１２丁目５－１４－１０１), 43.0869594, 141.3684462, ROOFTOP
1 デンタルクラフトワークス (札幌市東区北１９条東１２丁目５－１４－１０１), 43.0869594, 141.3684462, ROOFTOP
0 合同会社　オルソブレイン (札幌市東区北１８条東　６丁目１－３７－２０２), 43.0837475, 141.3603311, ROOFTOP
1 合同会社　オルソブレイン (札幌市東区北１８条東　６丁目１－３７－２０２), 43.0837475, 141.3603311, ROOFTOP
0 ウイングデンタルスタジオ (札幌市白石区本通り　１丁目南２－２６), 39.2853518, 141.1149754, GEOMETRIC_CENTER
1 ウイングデンタルスタジオ (札幌市白石区本通り　１丁目南２－２６), 43.0524717, 141.4035647, APPROXIMATE
0 Ｔ．Ａ．Ｃ．デントフィールド (札幌市豊平区平岸　３条１８丁目３－１－１２６), 43.0195492, 141.3680623, ROOFTOP
1 Ｔ．Ａ．Ｃ．デントフィールド (札幌市豊平区平岸　３条１８丁目３－１－１２６), 43.0195492, 141.3680623, ROOFTOP
0 デンタルラボ・トライアル (札幌市豊平区豊平　２条　１丁目１－３９　１０６), 43.0559828, 141.3667328, ROOFTOP
1 デンタルラボ・トライアル (札幌市豊平区豊平　２条　１丁目１－３９　１０６), 43.0559828, 141.3667328, ROOFTOP
0 アルファ・デンタル・ラボラトリー (札幌市南区川沿　１条　２丁目１４－３０－３０５), 43.00286699999999, 141.3349891, ROOFTOP
1 アルファ・デンタル・ラボラトリー (札幌市南区川沿　１条　２丁目１４－３０－３０５), 43.00286699999999, 141.3349891, ROOFTOP
0 NEEDS Dental Lab (札幌市西区八軒　５条西１０丁目１－４８－１), 43.0944371, 141.3014497, ROOFTOP
1 NEEDS Dental Lab (札幌市西区八軒　５条西１０丁目１－４８－１), 43.0944762, 141.3015531, ROOFTOP
0 京成デンタルラボラトリー (札幌市西区二十四軒　３条　７丁目５－６－６２), 43.0704258, 141.304925, ROOFTOP
1 京成デンタルラボラトリー (札幌市西区二十四軒　３条　７丁目５－６－６２), 43.0704258, 141.304925, ROOFTOP
0 COSMIC DENTAL合同会社 (札幌市手稲区星置　３条　５丁目９番５号１０２号), 43.1390938, 141.2047336, ROOFTOP
1 COSMIC DENTAL合同会社 (札幌市手稲区星置　３条　５丁目９番５号１０２号), 43.1390938, 141.2047336, ROOFTOP
sapporo.csv has been written successfully.
