0 Dental　Tec　スクーデリア   (宮城県仙台市青葉区米ヶ袋2-1-9-306), 38.25020629999999, 140.8748666,ROOFTOP
1 Dental　Tec　スクーデリア   (宮城県仙台市青葉区米ヶ袋2-1-9-306), 38.251333, 140.873612, ROOFTOP
0 小向デンタルラボ (宮城県仙台市青葉区東照宮1-17-1-523), 38.2798925, 140.8830877,ROOFTOP
1 小向デンタルラボ (宮城県仙台市青葉区東照宮1-17-1-523), 38.2798925, 140.8830877, ROOFTOP
0 ＭＤラボ (宮城県仙台市青葉区小田原6-3-20-202), 38.2711049, 140.8863427,ROOFTOP
1 ＭＤラボ (宮城県仙台市青葉区小田原6-3-20-202), 38.2711049, 140.8863427, ROOFTOP
0 堀江技工所 (宮城県仙台市青葉区二日町6-13　グリーンコーポ103号), 38.2692608, 140.868045,ROOFTOP
1 堀江技工所 (宮城県仙台市青葉区二日町6-13　グリーンコーポ103号), 38.2692605, 140.8680446, ROOFTOP
0 デンタルラボＫＩＮＹＡ (宮城県仙台市宮城野区宮城野3丁目6-15-109), 38.2603281, 140.9111942,ROOFTOP
1 デンタルラボＫＩＮＹＡ (宮城県仙台市宮城野区宮城野3丁目6-15-109), 38.2603281, 140.9111942, ROOFTOP
0 デンタル工房イノマタ (宮城県仙台市宮城野区自由ヶ丘8-31-自由が丘ビル201), 38.2914903, 140.9029673,ROOFTOP
1 デンタル工房イノマタ (宮城県仙台市宮城野区自由ヶ丘8-31-自由が丘ビル201), 35.6105884, 139.6668931, APPROXIMATE
0 有限会社　小林歯研 (宮城県仙台市宮城野区五輪2丁目14-19  101), 38.2668481, 140.9120701,ROOFTOP
1 有限会社　小林歯研 (宮城県仙台市宮城野区五輪2丁目14-19  101), 38.2668481, 140.9120701, ROOFTOP
0 株式会社デントラボ宮城 (宮城県仙台市宮城野区名掛丁202-1 ｷﾞﾌﾄ仙台東口3階B), 38.2628117, 140.8834369,ROOFTOP
1 株式会社デントラボ宮城 (宮城県仙台市宮城野区名掛丁202-1 ｷﾞﾌﾄ仙台東口3階B), 38.2627977, 140.8834216, ROOFTOP
0 Dental Laboratorie Sato (宮城県仙台市若林区大和町4丁目10-7-903), 38.2514326, 140.9178347,ROOFTOP
1 Dental Laboratorie Sato (宮城県仙台市若林区大和町4丁目10-7-903), 38.2514326, 140.9178347, ROOFTOP
0 Ｈ゛ＣＲＡＦＴ (宮城県仙台市若林区上飯田1丁目19-50-3), 38.2216152, 140.9177286,ROOFTOP
1 Ｈ゛ＣＲＡＦＴ (宮城県仙台市若林区上飯田1丁目19-50-3), 38.2216152, 140.9177286, ROOFTOP
0 ANDS (宮城県仙台市太白区太白１丁目19-15), 38.2314593, 140.8185091,ROOFTOP
1 ANDS (宮城県仙台市太白区太白１丁目19-15), 38.2318064, 140.8186827, ROOFTOP
0 茂庭台歯研 (宮城県仙台市太白区茂庭台４丁目3-11-206), 38.2381581, 140.7825692,ROOFTOP
1 茂庭台歯研 (宮城県仙台市太白区茂庭台４丁目3-11-206), 38.2381581, 140.7825692, ROOFTOP
0 成田デンタル・ラボラトリー (宮城県仙台市太白区泉崎２丁目16-5-309), 38.2212229, 140.8662582,ROOFTOP
1 成田デンタル・ラボラトリー (宮城県仙台市太白区泉崎２丁目16-5-309), 38.2212229, 140.8662582, ROOFTOP
0 今野技工所 (宮城県仙台市太白区長町３丁目1-7  三井生命長町ビル２Ｆ), 38.2318592, 140.886483,ROOFTOP
1 今野技工所 (宮城県仙台市太白区長町３丁目1-7  三井生命長町ビル２Ｆ), 38.2268376, 140.8855833, ROOFTOP
0 MAXデンタルアート (宮城県仙台市泉区将監5-2-1-4), 38.3387035, 140.8782529,ROOFTOP
1 MAXデンタルアート (宮城県仙台市泉区将監5-2-1-4), 38.3387983, 140.8782873, ROOFTOP
0 デンタルホープ (宮城県仙台市泉区市名坂字野蔵120-5-101), 38.3153854, 140.8988284,ROOFTOP
1 デンタルホープ (宮城県仙台市泉区市名坂字野蔵120-5-101), 38.3152671, 140.8995989, ROOFTOP
0 株式会社LuminousDentalLabo (宮城県仙台市泉区七北田字菅間81-5　野村貸事務所Ⅰ棟101), 38.3294623, 140.8678689,ROOFTOP
1 株式会社LuminousDentalLabo (宮城県仙台市泉区七北田字菅間81-5　野村貸事務所Ⅰ棟101), 38.3294623, 140.8678689, ROOFTOP
0 仙台セラミックラボ (宮城県仙台市泉区泉中央１丁目7-1　スウィングビル4F), 38.323129, 140.880831,ROOFTOP
1 仙台セラミックラボ (宮城県仙台市泉区泉中央１丁目7-1　スウィングビル4F), 38.3231501, 140.8807826, ROOFTOP
sendai.csv has been written successfully.
